<?xml version="1.0" encoding="UTF-8"?>
<testng-results ignored="0" total="1" passed="1" failed="0" skipped="0">
  <reporter-output>
  </reporter-output>
  <suite started-at="2023-10-02T21:54:29 IST" name="Default suite" finished-at="2023-10-02T21:55:17 IST" duration-ms="48758">
    <groups>
    </groups>
    <test started-at="2023-10-02T21:54:29 IST" name="Default test" finished-at="2023-10-02T21:55:17 IST" duration-ms="48758">
      <class name="com.saucedemo.testlayer.LoginTest">
        <test-method is-config="true" signature="setup()[pri:0, instance:com.saucedemo.testlayer.LoginTest@689604d9]" started-at="2023-10-02T21:54:29 IST" name="setup" finished-at="2023-10-02T21:55:12 IST" duration-ms="43328" status="PASS">
          <reporter-output>
          </reporter-output>
        </test-method> <!-- setup -->
        <test-method signature="loginTestWithValidCredential()[pri:0, instance:com.saucedemo.testlayer.LoginTest@689604d9]" started-at="2023-10-02T21:55:12 IST" name="loginTestWithValidCredential" finished-at="2023-10-02T21:55:14 IST" duration-ms="2418" status="PASS">
          <reporter-output>
          </reporter-output>
        </test-method> <!-- loginTestWithValidCredential -->
        <test-method is-config="true" signature="end()[pri:0, instance:com.saucedemo.testlayer.LoginTest@689604d9]" started-at="2023-10-02T21:55:14 IST" name="end" finished-at="2023-10-02T21:55:17 IST" duration-ms="2923" status="PASS">
          <reporter-output>
          </reporter-output>
        </test-method> <!-- end -->
      </class> <!-- com.saucedemo.testlayer.LoginTest -->
    </test> <!-- Default test -->
  </suite> <!-- Default suite -->
</testng-results>
